c:\users\liam\source\repos\lsh\lsh enhanced\tmp\release\vc143.pdb
c:\users\liam\source\repos\lsh\lsh enhanced\tmp\release\timerbarpool.obj
c:\users\liam\source\repos\lsh\lsh enhanced\tmp\release\timerbarbase.obj
c:\users\liam\source\repos\lsh\lsh enhanced\tmp\release\sprite.obj
c:\users\liam\source\repos\lsh\lsh enhanced\tmp\release\script.obj
c:\users\liam\source\repos\lsh\lsh enhanced\tmp\release\screen.obj
c:\users\liam\source\repos\lsh\lsh enhanced\tmp\release\robberycompleteshardblock.obj
c:\users\liam\source\repos\lsh\lsh enhanced\tmp\release\robberycompleteshard.obj
c:\users\liam\source\repos\lsh\lsh enhanced\tmp\release\rendertarget.obj
c:\users\liam\source\repos\lsh\lsh enhanced\tmp\release\casinovehiclerobbery.obj
c:\users\liam\source\repos\lsh\lsh enhanced\tmp\release\midsizedmessage.obj
c:\users\liam\source\repos\lsh\lsh enhanced\tmp\release\main.obj
c:\users\liam\source\repos\lsh\lsh enhanced\tmp\release\keyboard.obj
c:\users\liam\source\repos\lsh\lsh enhanced\tmp\release\hooking.patterns.obj
c:\users\liam\source\repos\lsh\lsh enhanced\tmp\release\hooking.obj
c:\users\liam\source\repos\lsh\lsh enhanced\tmp\release\debug.obj
c:\users\liam\source\repos\lsh\lsh enhanced\tmp\release\casinovehiclerobberyprep2.obj
c:\users\liam\source\repos\lsh\lsh enhanced\tmp\release\casinovehiclerobberyprep1.obj
c:\users\liam\source\repos\lsh\lsh enhanced\tmp\release\blip.obj
c:\users\liam\source\repos\lsh\lsh enhanced\tmp\release\bellegarageproperty.obj
c:\users\liam\source\repos\lsh\lsh enhanced\tmp\release\basemission.obj
c:\users\liam\source\repos\lsh\lsh enhanced\bin\release\lsh enhanced.asi
c:\users\liam\source\repos\lsh\lsh enhanced\tmp\release\lsh enhanced.ipdb
c:\users\liam\source\repos\lsh\lsh enhanced\tmp\release\lsh enhanced.iobj
c:\users\liam\source\repos\lsh\lsh enhanced\tmp\release\lsh enhanced.tlog\cl.command.1.tlog
c:\users\liam\source\repos\lsh\lsh enhanced\tmp\release\lsh enhanced.tlog\cl.items.tlog
c:\users\liam\source\repos\lsh\lsh enhanced\tmp\release\lsh enhanced.tlog\cl.read.1.tlog
c:\users\liam\source\repos\lsh\lsh enhanced\tmp\release\lsh enhanced.tlog\cl.write.1.tlog
c:\users\liam\source\repos\lsh\lsh enhanced\tmp\release\lsh enhanced.tlog\link.command.1.tlog
c:\users\liam\source\repos\lsh\lsh enhanced\tmp\release\lsh enhanced.tlog\link.read.1.tlog
c:\users\liam\source\repos\lsh\lsh enhanced\tmp\release\lsh enhanced.tlog\link.secondary.1.tlog
c:\users\liam\source\repos\lsh\lsh enhanced\tmp\release\lsh enhanced.tlog\link.write.1.tlog
